android/app/build/intermediates/manifest_merge_blame_file/release/processReleaseMainManifest/manifest-merger-blame-release-report.txt
1<?xml version="1.0" encoding="utf-8"?>
2<manifest xmlns:android="http://schemas.android.com/apk/res/android"
3    package="com.meetlines.app"
4    android:versionCode="1"
5    android:versionName="1.0" >
6
7    <uses-sdk
8        android:minSdkVersion="23"
9        android:targetSdkVersion="35" />
10
11    <!-- Permissions -->
12    <uses-permission android:name="android.permission.INTERNET" />
12-->src\main\AndroidManifest.xml:41:5-67
12-->src\main\AndroidManifest.xml:41:22-64
13    <uses-permission android:name="android.permission.ACCESS_NETWORK_STATE" />
13-->src\main\AndroidManifest.xml:42:5-79
13-->src\main\AndroidManifest.xml:42:22-76
14
15    <!-- Camera Permissions -->
16    <uses-permission android:name="android.permission.CAMERA" />
16-->src\main\AndroidManifest.xml:45:5-65
16-->src\main\AndroidManifest.xml:45:22-62
17
18    <uses-feature
18-->src\main\AndroidManifest.xml:46:5-85
19        android:name="android.hardware.camera"
19-->src\main\AndroidManifest.xml:46:19-57
20        android:required="false" />
20-->src\main\AndroidManifest.xml:46:58-82
21    <uses-feature
21-->src\main\AndroidManifest.xml:47:5-95
22        android:name="android.hardware.camera.autofocus"
22-->src\main\AndroidManifest.xml:47:19-67
23        android:required="false" />
23-->src\main\AndroidManifest.xml:47:68-92
24
25    <!-- Gallery/Storage Permissions -->
26    <uses-permission
26-->src\main\AndroidManifest.xml:50:5-107
27        android:name="android.permission.READ_EXTERNAL_STORAGE"
27-->src\main\AndroidManifest.xml:50:22-77
28        android:maxSdkVersion="32" />
28-->src\main\AndroidManifest.xml:50:78-104
29    <uses-permission android:name="android.permission.READ_MEDIA_IMAGES" />
29-->src\main\AndroidManifest.xml:51:5-76
29-->src\main\AndroidManifest.xml:51:22-73
30    <uses-permission android:name="android.permission.READ_MEDIA_VIDEO" />
30-->src\main\AndroidManifest.xml:52:5-75
30-->src\main\AndroidManifest.xml:52:22-72
31
32    <!-- Notifications -->
33    <uses-permission android:name="android.permission.POST_NOTIFICATIONS" />
33-->src\main\AndroidManifest.xml:55:5-77
33-->src\main\AndroidManifest.xml:55:22-74
34
35    <!-- Location Permissions -->
36    <uses-permission android:name="android.permission.ACCESS_COARSE_LOCATION" />
36-->src\main\AndroidManifest.xml:58:5-81
36-->src\main\AndroidManifest.xml:58:22-78
37    <uses-permission android:name="android.permission.ACCESS_FINE_LOCATION" />
37-->src\main\AndroidManifest.xml:59:5-79
37-->src\main\AndroidManifest.xml:59:22-76
38
39    <queries>
39-->[:capacitor-camera] AndroidManifest.xml:7:5-11:15
40        <intent>
40-->[:capacitor-camera] AndroidManifest.xml:8:9-10:18
41            <action android:name="android.media.action.IMAGE_CAPTURE" />
41-->[:capacitor-camera] AndroidManifest.xml:9:13-73
41-->[:capacitor-camera] AndroidManifest.xml:9:21-70
42        </intent>
43    </queries>
44
45    <permission
45-->[androidx.core:core:1.15.0] AndroidManifest.xml:22:5-24:47
46        android:name="com.meetlines.app.DYNAMIC_RECEIVER_NOT_EXPORTED_PERMISSION"
46-->[androidx.core:core:1.15.0] AndroidManifest.xml:23:9-81
47        android:protectionLevel="signature" />
47-->[androidx.core:core:1.15.0] AndroidManifest.xml:24:9-44
48
49    <uses-permission android:name="com.meetlines.app.DYNAMIC_RECEIVER_NOT_EXPORTED_PERMISSION" />
49-->[androidx.core:core:1.15.0] AndroidManifest.xml:26:5-97
49-->[androidx.core:core:1.15.0] AndroidManifest.xml:26:22-94
50
51    <application
51-->src\main\AndroidManifest.xml:4:5-38:19
52        android:allowBackup="true"
52-->src\main\AndroidManifest.xml:5:9-35
53        android:appComponentFactory="androidx.core.app.CoreComponentFactory"
53-->[androidx.core:core:1.15.0] AndroidManifest.xml:28:18-86
54        android:extractNativeLibs="false"
55        android:hardwareAccelerated="true"
55-->src\main\AndroidManifest.xml:11:9-43
56        android:icon="@mipmap/ic_launcher"
56-->src\main\AndroidManifest.xml:6:9-43
57        android:label="@string/app_name"
57-->src\main\AndroidManifest.xml:7:9-41
58        android:roundIcon="@mipmap/ic_launcher_round"
58-->src\main\AndroidManifest.xml:8:9-54
59        android:supportsRtl="true"
59-->src\main\AndroidManifest.xml:9:9-35
60        android:theme="@style/AppTheme"
60-->src\main\AndroidManifest.xml:10:9-40
61        android:usesCleartextTraffic="true" >
61-->src\main\AndroidManifest.xml:12:9-44
62        <activity
62-->src\main\AndroidManifest.xml:14:9-27:20
63            android:name="com.meetlines.meetlinesapp.MainActivity"
63-->src\main\AndroidManifest.xml:16:13-41
64            android:configChanges="orientation|keyboardHidden|keyboard|screenSize|locale|smallestScreenSize|screenLayout|uiMode|navigation"
64-->src\main\AndroidManifest.xml:15:13-140
65            android:exported="true"
65-->src\main\AndroidManifest.xml:20:13-36
66            android:label="@string/title_activity_main"
66-->src\main\AndroidManifest.xml:17:13-56
67            android:launchMode="singleTask"
67-->src\main\AndroidManifest.xml:19:13-44
68            android:theme="@style/AppTheme.NoActionBarLaunch" >
68-->src\main\AndroidManifest.xml:18:13-62
69            <intent-filter>
69-->src\main\AndroidManifest.xml:22:13-25:29
70                <action android:name="android.intent.action.MAIN" />
70-->src\main\AndroidManifest.xml:23:17-69
70-->src\main\AndroidManifest.xml:23:25-66
71
72                <category android:name="android.intent.category.LAUNCHER" />
72-->src\main\AndroidManifest.xml:24:17-77
72-->src\main\AndroidManifest.xml:24:27-74
73            </intent-filter>
74        </activity>
75
76        <provider
77            android:name="androidx.core.content.FileProvider"
77-->src\main\AndroidManifest.xml:30:13-62
78            android:authorities="com.meetlines.app.fileprovider"
78-->src\main\AndroidManifest.xml:31:13-64
79            android:exported="false"
79-->src\main\AndroidManifest.xml:32:13-37
80            android:grantUriPermissions="true" >
80-->src\main\AndroidManifest.xml:33:13-47
81            <meta-data
81-->src\main\AndroidManifest.xml:34:13-36:64
82                android:name="android.support.FILE_PROVIDER_PATHS"
82-->src\main\AndroidManifest.xml:35:17-67
83                android:resource="@xml/file_paths" />
83-->src\main\AndroidManifest.xml:36:17-51
84        </provider>
85        <!--
86        This activity is an invisible delegate activity to start scanner activity
87        and receive result, so it's unnecessary to support screen orientation and
88        we can avoid any side effect from activity recreation in any case.
89        -->
90        <activity
90-->[com.google.android.gms:play-services-code-scanner:16.1.0] AndroidManifest.xml:15:9-20:20
91            android:name="com.google.mlkit.vision.codescanner.internal.GmsBarcodeScanningDelegateActivity"
91-->[com.google.android.gms:play-services-code-scanner:16.1.0] AndroidManifest.xml:16:13-107
92            android:exported="false"
92-->[com.google.android.gms:play-services-code-scanner:16.1.0] AndroidManifest.xml:17:13-37
93            android:screenOrientation="portrait" >
93-->[com.google.android.gms:play-services-code-scanner:16.1.0] AndroidManifest.xml:18:13-49
94        </activity>
95
96        <service
96-->[com.google.android.gms:play-services-mlkit-barcode-scanning:18.3.1] AndroidManifest.xml:9:9-15:19
97            android:name="com.google.mlkit.common.internal.MlKitComponentDiscoveryService"
97-->[com.google.android.gms:play-services-mlkit-barcode-scanning:18.3.1] AndroidManifest.xml:10:13-91
98            android:directBootAware="true"
98-->[com.google.mlkit:common:18.11.0] AndroidManifest.xml:17:13-43
99            android:exported="false" >
99-->[com.google.android.gms:play-services-mlkit-barcode-scanning:18.3.1] AndroidManifest.xml:11:13-37
100            <meta-data
100-->[com.google.android.gms:play-services-mlkit-barcode-scanning:18.3.1] AndroidManifest.xml:12:13-14:85
101                android:name="com.google.firebase.components:com.google.mlkit.vision.barcode.internal.BarcodeRegistrar"
101-->[com.google.android.gms:play-services-mlkit-barcode-scanning:18.3.1] AndroidManifest.xml:13:17-120
102                android:value="com.google.firebase.components.ComponentRegistrar" />
102-->[com.google.android.gms:play-services-mlkit-barcode-scanning:18.3.1] AndroidManifest.xml:14:17-82
103            <meta-data
103-->[com.google.mlkit:vision-common:17.3.0] AndroidManifest.xml:12:13-14:85
104                android:name="com.google.firebase.components:com.google.mlkit.vision.common.internal.VisionCommonRegistrar"
104-->[com.google.mlkit:vision-common:17.3.0] AndroidManifest.xml:13:17-124
105                android:value="com.google.firebase.components.ComponentRegistrar" />
105-->[com.google.mlkit:vision-common:17.3.0] AndroidManifest.xml:14:17-82
106            <meta-data
106-->[com.google.mlkit:common:18.11.0] AndroidManifest.xml:20:13-22:85
107                android:name="com.google.firebase.components:com.google.mlkit.common.internal.CommonComponentRegistrar"
107-->[com.google.mlkit:common:18.11.0] AndroidManifest.xml:21:17-120
108                android:value="com.google.firebase.components.ComponentRegistrar" />
108-->[com.google.mlkit:common:18.11.0] AndroidManifest.xml:22:17-82
109        </service>
110
111        <provider
111-->[com.google.mlkit:common:18.11.0] AndroidManifest.xml:9:9-13:38
112            android:name="com.google.mlkit.common.internal.MlKitInitProvider"
112-->[com.google.mlkit:common:18.11.0] AndroidManifest.xml:10:13-78
113            android:authorities="com.meetlines.app.mlkitinitprovider"
113-->[com.google.mlkit:common:18.11.0] AndroidManifest.xml:11:13-69
114            android:exported="false"
114-->[com.google.mlkit:common:18.11.0] AndroidManifest.xml:12:13-37
115            android:initOrder="99" />
115-->[com.google.mlkit:common:18.11.0] AndroidManifest.xml:13:13-35
116
117        <activity
117-->[com.google.android.gms:play-services-base:18.5.0] AndroidManifest.xml:5:9-173
118            android:name="com.google.android.gms.common.api.GoogleApiActivity"
118-->[com.google.android.gms:play-services-base:18.5.0] AndroidManifest.xml:5:19-85
119            android:exported="false"
119-->[com.google.android.gms:play-services-base:18.5.0] AndroidManifest.xml:5:146-170
120            android:theme="@android:style/Theme.Translucent.NoTitleBar" />
120-->[com.google.android.gms:play-services-base:18.5.0] AndroidManifest.xml:5:86-145
121
122        <provider
122-->[androidx.emoji2:emoji2:1.3.0] AndroidManifest.xml:24:9-32:20
123            android:name="androidx.startup.InitializationProvider"
123-->[androidx.emoji2:emoji2:1.3.0] AndroidManifest.xml:25:13-67
124            android:authorities="com.meetlines.app.androidx-startup"
124-->[androidx.emoji2:emoji2:1.3.0] AndroidManifest.xml:26:13-68
125            android:exported="false" >
125-->[androidx.emoji2:emoji2:1.3.0] AndroidManifest.xml:27:13-37
126            <meta-data
126-->[androidx.emoji2:emoji2:1.3.0] AndroidManifest.xml:29:13-31:52
127                android:name="androidx.emoji2.text.EmojiCompatInitializer"
127-->[androidx.emoji2:emoji2:1.3.0] AndroidManifest.xml:30:17-75
128                android:value="androidx.startup" />
128-->[androidx.emoji2:emoji2:1.3.0] AndroidManifest.xml:31:17-49
129            <meta-data
129-->[androidx.lifecycle:lifecycle-process:2.6.2] AndroidManifest.xml:29:13-31:52
130                android:name="androidx.lifecycle.ProcessLifecycleInitializer"
130-->[androidx.lifecycle:lifecycle-process:2.6.2] AndroidManifest.xml:30:17-78
131                android:value="androidx.startup" />
131-->[androidx.lifecycle:lifecycle-process:2.6.2] AndroidManifest.xml:31:17-49
132            <meta-data
132-->[androidx.profileinstaller:profileinstaller:1.3.1] AndroidManifest.xml:29:13-31:52
133                android:name="androidx.profileinstaller.ProfileInstallerInitializer"
133-->[androidx.profileinstaller:profileinstaller:1.3.1] AndroidManifest.xml:30:17-85
134                android:value="androidx.startup" />
134-->[androidx.profileinstaller:profileinstaller:1.3.1] AndroidManifest.xml:31:17-49
135        </provider>
136
137        <service
137-->[androidx.camera:camera-camera2:1.1.0] AndroidManifest.xml:26:9-35:19
138            android:name="androidx.camera.core.impl.MetadataHolderService"
138-->[androidx.camera:camera-camera2:1.1.0] AndroidManifest.xml:27:13-75
139            android:enabled="false"
139-->[androidx.camera:camera-camera2:1.1.0] AndroidManifest.xml:28:13-36
140            android:exported="false" >
140-->[androidx.camera:camera-camera2:1.1.0] AndroidManifest.xml:29:13-37
141            <meta-data
141-->[androidx.camera:camera-camera2:1.1.0] AndroidManifest.xml:32:13-34:89
142                android:name="androidx.camera.core.impl.MetadataHolderService.DEFAULT_CONFIG_PROVIDER"
142-->[androidx.camera:camera-camera2:1.1.0] AndroidManifest.xml:33:17-103
143                android:value="androidx.camera.camera2.Camera2Config$DefaultProvider" />
143-->[androidx.camera:camera-camera2:1.1.0] AndroidManifest.xml:34:17-86
144        </service>
145
146        <meta-data
146-->[com.google.android.gms:play-services-basement:18.4.0] AndroidManifest.xml:6:9-122
147            android:name="com.google.android.gms.version"
147-->[com.google.android.gms:play-services-basement:18.4.0] AndroidManifest.xml:6:20-65
148            android:value="@integer/google_play_services_version" />
148-->[com.google.android.gms:play-services-basement:18.4.0] AndroidManifest.xml:6:66-119
149
150        <receiver
150-->[androidx.profileinstaller:profileinstaller:1.3.1] AndroidManifest.xml:34:9-52:20
151            android:name="androidx.profileinstaller.ProfileInstallReceiver"
151-->[androidx.profileinstaller:profileinstaller:1.3.1] AndroidManifest.xml:35:13-76
152            android:directBootAware="false"
152-->[androidx.profileinstaller:profileinstaller:1.3.1] AndroidManifest.xml:36:13-44
153            android:enabled="true"
153-->[androidx.profileinstaller:profileinstaller:1.3.1] AndroidManifest.xml:37:13-35
154            android:exported="true"
154-->[androidx.profileinstaller:profileinstaller:1.3.1] AndroidManifest.xml:38:13-36
155            android:permission="android.permission.DUMP" >
155-->[androidx.profileinstaller:profileinstaller:1.3.1] AndroidManifest.xml:39:13-57
156            <intent-filter>
156-->[androidx.profileinstaller:profileinstaller:1.3.1] AndroidManifest.xml:40:13-42:29
157                <action android:name="androidx.profileinstaller.action.INSTALL_PROFILE" />
157-->[androidx.profileinstaller:profileinstaller:1.3.1] AndroidManifest.xml:41:17-91
157-->[androidx.profileinstaller:profileinstaller:1.3.1] AndroidManifest.xml:41:25-88
158            </intent-filter>
159            <intent-filter>
159-->[androidx.profileinstaller:profileinstaller:1.3.1] AndroidManifest.xml:43:13-45:29
160                <action android:name="androidx.profileinstaller.action.SKIP_FILE" />
160-->[androidx.profileinstaller:profileinstaller:1.3.1] AndroidManifest.xml:44:17-85
160-->[androidx.profileinstaller:profileinstaller:1.3.1] AndroidManifest.xml:44:25-82
161            </intent-filter>
162            <intent-filter>
162-->[androidx.profileinstaller:profileinstaller:1.3.1] AndroidManifest.xml:46:13-48:29
163                <action android:name="androidx.profileinstaller.action.SAVE_PROFILE" />
163-->[androidx.profileinstaller:profileinstaller:1.3.1] AndroidManifest.xml:47:17-88
163-->[androidx.profileinstaller:profileinstaller:1.3.1] AndroidManifest.xml:47:25-85
164            </intent-filter>
165            <intent-filter>
165-->[androidx.profileinstaller:profileinstaller:1.3.1] AndroidManifest.xml:49:13-51:29
166                <action android:name="androidx.profileinstaller.action.BENCHMARK_OPERATION" />
166-->[androidx.profileinstaller:profileinstaller:1.3.1] AndroidManifest.xml:50:17-95
166-->[androidx.profileinstaller:profileinstaller:1.3.1] AndroidManifest.xml:50:25-92
167            </intent-filter>
168        </receiver>
169
170        <service
170-->[com.google.android.datatransport:transport-backend-cct:2.3.3] AndroidManifest.xml:29:9-35:19
171            android:name="com.google.android.datatransport.runtime.backends.TransportBackendDiscovery"
171-->[com.google.android.datatransport:transport-backend-cct:2.3.3] AndroidManifest.xml:30:13-103
172            android:exported="false" >
172-->[com.google.android.datatransport:transport-backend-cct:2.3.3] AndroidManifest.xml:31:13-37
173            <meta-data
173-->[com.google.android.datatransport:transport-backend-cct:2.3.3] AndroidManifest.xml:32:13-34:39
174                android:name="backend:com.google.android.datatransport.cct.CctBackendFactory"
174-->[com.google.android.datatransport:transport-backend-cct:2.3.3] AndroidManifest.xml:33:17-94
175                android:value="cct" />
175-->[com.google.android.datatransport:transport-backend-cct:2.3.3] AndroidManifest.xml:34:17-36
176        </service>
177        <service
177-->[com.google.android.datatransport:transport-runtime:2.2.6] AndroidManifest.xml:26:9-30:19
178            android:name="com.google.android.datatransport.runtime.scheduling.jobscheduling.JobInfoSchedulerService"
178-->[com.google.android.datatransport:transport-runtime:2.2.6] AndroidManifest.xml:27:13-117
179            android:exported="false"
179-->[com.google.android.datatransport:transport-runtime:2.2.6] AndroidManifest.xml:28:13-37
180            android:permission="android.permission.BIND_JOB_SERVICE" >
180-->[com.google.android.datatransport:transport-runtime:2.2.6] AndroidManifest.xml:29:13-69
181        </service>
182
183        <receiver
183-->[com.google.android.datatransport:transport-runtime:2.2.6] AndroidManifest.xml:32:9-34:40
184            android:name="com.google.android.datatransport.runtime.scheduling.jobscheduling.AlarmManagerSchedulerBroadcastReceiver"
184-->[com.google.android.datatransport:transport-runtime:2.2.6] AndroidManifest.xml:33:13-132
185            android:exported="false" />
185-->[com.google.android.datatransport:transport-runtime:2.2.6] AndroidManifest.xml:34:13-37
186    </application>
187
188</manifest>